[2026-06-28 12:15:39.870] [INFO] ExtensionManager initialization started...
[2026-06-28 12:15:39.968] [INFO] File HTTP Server started on port 8080
[2026-06-28 12:15:39.969] [INFO] FileHttpServer started on port 8080
[2026-06-28 12:15:39.970] [INFO] UDPBroadcastServer started on port 9999
[2026-06-28 12:15:39.971] [INFO] AdminCommandHandler initialized
[2026-06-28 12:15:39.972] [INFO] ExtensionManager initialization completed.
[2026-06-28 12:15:39.973] [INFO] UDP Broadcast Server started on port 9999
[2026-06-28 12:15:57.820] [INFO] User CJG logged in.
[2026-06-28 12:15:57.825] [INFO] 广播: CJG 加入了聊天室。
[2026-06-28 12:16:38.800] [INFO] File uploaded: 流程图.txt
[2026-06-28 12:16:38.810] [INFO] Upload successful: 流程图.txt
[2026-06-28 12:16:38.812] [INFO] 广播: CJG: [文件] CJG 上传了文件: 流程图.txt
[2026-06-28 12:17:18.698] [INFO] 广播: CJG: 你们好！我是CJG！
[2026-06-28 12:18:32.195] [INFO] User TEST logged in.
[2026-06-28 12:18:32.198] [INFO] 广播: TEST 加入了聊天室。
[2026-06-28 12:19:26.852] [INFO] ExtensionManager initialization started...
[2026-06-28 12:19:26.942] [INFO] File HTTP Server started on port 8080
[2026-06-28 12:19:26.944] [INFO] FileHttpServer started on port 8080
[2026-06-28 12:19:26.945] [INFO] UDPBroadcastServer started on port 9999
[2026-06-28 12:19:26.946] [INFO] AdminCommandHandler initialized
[2026-06-28 12:19:26.947] [INFO] ExtensionManager initialization completed.
[2026-06-28 12:19:26.948] [INFO] UDP Broadcast Server started on port 9999
[2026-06-28 12:19:46.733] [INFO] User CJG logged in.
[2026-06-28 12:19:46.737] [INFO] 广播: CJG 加入了聊天室。
[2026-06-28 12:20:05.597] [INFO] CJG 断开连接
[2026-06-28 12:20:05.598] [INFO] User CJG disconnected.
[2026-06-28 12:20:05.600] [INFO] 广播: CJG 离开了聊天室。
[2026-06-28 12:20:13.233] [INFO] ExtensionManager initialization started...
[2026-06-28 12:20:13.331] [INFO] File HTTP Server started on port 8080
[2026-06-28 12:20:13.332] [INFO] FileHttpServer started on port 8080
[2026-06-28 12:20:13.333] [INFO] UDPBroadcastServer started on port 9999
[2026-06-28 12:20:13.334] [INFO] AdminCommandHandler initialized
[2026-06-28 12:20:13.334] [INFO] ExtensionManager initialization completed.
[2026-06-28 12:20:13.336] [INFO] UDP Broadcast Server started on port 9999
[2026-06-28 12:20:18.085] [INFO] User admin logged in.
[2026-06-28 12:20:18.088] [INFO] 广播: admin 加入了聊天室。
[2026-06-28 12:20:37.242] [INFO] User CJG logged in.
[2026-06-28 12:20:37.247] [INFO] 广播: CJG 加入了聊天室。
[2026-06-28 12:21:18.077] [INFO] ExtensionManager initialization started...
[2026-06-28 12:21:18.173] [INFO] File HTTP Server started on port 8080
[2026-06-28 12:21:18.174] [INFO] FileHttpServer started on port 8080
[2026-06-28 12:21:18.175] [INFO] UDPBroadcastServer started on port 9999
[2026-06-28 12:21:18.176] [INFO] AdminCommandHandler initialized
[2026-06-28 12:21:18.177] [INFO] ExtensionManager initialization completed.
[2026-06-28 12:21:18.180] [INFO] UDP Broadcast Server started on port 9999
[2026-06-28 12:21:23.382] [INFO] User admin logged in.
[2026-06-28 12:21:23.385] [INFO] 广播: admin 加入了聊天室。
[2026-06-28 12:21:56.555] [INFO] User admin logged in.
[2026-06-28 12:21:56.558] [INFO] 广播: admin 加入了聊天室。
[2026-06-28 12:23:22.379] [INFO] ExtensionManager initialization started...
[2026-06-28 12:23:22.463] [INFO] File HTTP Server started on port 8080
[2026-06-28 12:23:22.464] [INFO] FileHttpServer started on port 8080
[2026-06-28 12:23:22.465] [INFO] UDPBroadcastServer started on port 9999
[2026-06-28 12:23:22.466] [INFO] AdminCommandHandler initialized
[2026-06-28 12:23:22.466] [INFO] ExtensionManager initialization completed.
[2026-06-28 12:23:22.468] [INFO] UDP Broadcast Server started on port 9999
[2026-06-28 12:23:28.309] [INFO] User admin logged in.
[2026-06-28 12:23:28.314] [INFO] 广播: admin 加入了聊天室。
[2026-06-28 12:23:43.858] [INFO] User CJG logged in.
[2026-06-28 12:23:43.861] [INFO] 广播: CJG 加入了聊天室。
[2026-06-28 12:24:11.761] [INFO] File downloaded: file1.dat
[2026-06-28 12:24:11.770] [INFO] Download successful: file1.dat saved to ./downloads/
[2026-06-28 12:24:47.754] [INFO] File downloaded: 流程图.txt
[2026-06-28 12:24:47.764] [INFO] Download successful: 流程图.txt saved to ./downloads/
[2026-06-28 12:25:37.267] [INFO] User TEST logged in.
[2026-06-28 12:25:37.270] [INFO] 广播: TEST 加入了聊天室。
[2026-06-28 12:25:46.825] [INFO] 广播: TEST: 大家好我是测试人机
[2026-06-28 12:26:02.916] [INFO] 用户 TEST 被管理员踢出。
[2026-06-28 12:26:02.917] [ERROR] ClientHandler error: Socket closed
[2026-06-28 12:26:02.919] [INFO] 广播: TEST 被管理员踢出。
[2026-06-28 12:26:02.920] [INFO] User TEST disconnected.
[2026-06-28 12:26:02.923] [INFO] 广播: User TEST has been kicked by admin.
[2026-06-28 12:26:02.923] [INFO] 广播: TEST 离开了聊天室。
[2026-06-28 12:26:34.201] [INFO] 广播: [Admin] message
[2026-06-28 12:26:50.298] [INFO] 广播: [Admin] 我是管理员，那个人机被我踢了。
[2026-06-28 12:27:22.571] [INFO] User TEST logged in.
[2026-06-28 12:27:22.575] [INFO] 广播: TEST 加入了聊天室。
[2026-06-28 12:27:30.993] [INFO] 广播: TEST: 嗨嗨嗨，我又回来了！
[2026-06-28 12:27:39.593] [INFO] 用户 TEST 被封禁。
[2026-06-28 12:27:39.593] [ERROR] ClientHandler error: Socket closed
[2026-06-28 12:27:39.596] [INFO] User TEST disconnected.
[2026-06-28 12:27:39.596] [INFO] 广播: TEST 已被管理员封禁。
[2026-06-28 12:27:39.599] [INFO] 广播: TEST 离开了聊天室。
[2026-06-28 12:27:39.600] [INFO] 广播: User TEST has been banned by admin.
[2026-06-28 12:28:06.657] [INFO] 广播: admin: 门外竖着
[2026-06-28 12:28:46.585] [INFO] 用户 TEST 已解封。
[2026-06-28 12:29:06.366] [INFO] User TEST logged in.
[2026-06-28 12:29:06.370] [INFO] 广播: TEST 加入了聊天室。
[2026-06-28 12:29:11.264] [INFO] 广播: TEST: 我错了
[2026-06-28 12:29:22.857] [INFO] 广播: admin: 下不为例
[2026-06-28 12:31:34.793] [INFO] 广播: [Admin] 所有人别当人机！
[2026-06-28 12:33:41.026] [INFO] admin 断开连接
[2026-06-28 12:33:41.027] [INFO] User admin disconnected.
[2026-06-28 12:33:41.028] [INFO] 广播: admin 离开了聊天室。
[2026-06-28 12:34:47.182] [INFO] ExtensionManager initialization started...
[2026-06-28 12:34:47.270] [INFO] File HTTP Server started on port 8080
[2026-06-28 12:34:47.270] [INFO] FileHttpServer started on port 8080
[2026-06-28 12:34:47.271] [INFO] UDPBroadcastServer started on port 9999
[2026-06-28 12:34:47.272] [INFO] AdminCommandHandler initialized
[2026-06-28 12:34:47.272] [INFO] ExtensionManager initialization completed.
[2026-06-28 12:34:47.273] [INFO] Chat Server started on port 9000
[2026-06-28 12:34:47.273] [INFO] UDP Broadcast Server started on port 9999
[2026-06-28 12:35:01.167] [INFO] /127.0.0.1:55230 connect.
[2026-06-28 12:35:51.859] [INFO] ExtensionManager initialization started...
[2026-06-28 12:35:51.952] [INFO] File HTTP Server started on port 8080
[2026-06-28 12:35:51.953] [INFO] FileHttpServer started on port 8080
[2026-06-28 12:35:51.954] [INFO] UDPBroadcastServer started on port 9999
[2026-06-28 12:35:51.955] [INFO] AdminCommandHandler initialized
[2026-06-28 12:35:51.955] [INFO] ExtensionManager initialization completed.
[2026-06-28 12:35:51.956] [INFO] Chat Server started on port 9000
[2026-06-28 12:35:51.957] [INFO] UDP Broadcast Server started on port 9999
[2026-06-28 12:35:56.683] [INFO] /127.0.0.1:52921 connect.
[2026-06-28 12:36:04.829] [INFO] User SZM logged in.
[2026-06-28 12:36:04.833] [INFO] 广播: SZM 加入了聊天室。
[2026-06-28 12:36:24.901] [INFO] 广播: SZM: 大家好，我是SZM！
[2026-06-28 12:36:30.441] [INFO] /127.0.0.1:53070 connect.
[2026-06-28 12:36:34.675] [INFO] User admin logged in.
[2026-06-28 12:36:34.679] [INFO] 广播: admin 加入了聊天室。
[2026-06-28 12:36:40.609] [INFO] 广播: admin: 我是管理员
[2026-06-28 12:36:46.926] [INFO] /127.0.0.1:53129 connect.
[2026-06-28 12:36:55.664] [INFO] User TEST logged in.
[2026-06-28 12:36:55.668] [INFO] 广播: TEST 加入了聊天室。
[2026-06-28 12:37:02.600] [INFO] 广播: TEST: 我是人机，我来捣乱！
[2026-06-28 12:37:27.441] [INFO] 广播: TEST: 嗨嗨嗨
[2026-06-28 12:37:40.706] [INFO] 广播: TEST: 我来传个文件！
[2026-06-28 12:38:32.750] [INFO] File uploaded: 新建+文本文档.txt
[2026-06-28 12:38:32.766] [INFO] Upload successful: 新建 文本文档.txt
[2026-06-28 12:38:32.769] [INFO] 广播: TEST: [文件] TEST 上传了文件: 新建 文本文档.txt
[2026-06-28 12:38:48.489] [INFO] 广播: SZM: 我很好奇，想下下来看看
[2026-06-28 12:39:06.051] [ERROR] Download failed, HTTP code: 404
[2026-06-28 12:39:26.304] [INFO] File downloaded: 新建+文本文档.txt
[2026-06-28 12:39:26.306] [INFO] Download successful: 新建 文本文档.txt saved to ./downloads/
[2026-06-28 12:40:07.952] [INFO] File downloaded: file1.dat
[2026-06-28 12:40:07.953] [INFO] Download successful: file1.dat saved to ./downloads/
[2026-06-28 12:40:28.306] [INFO] 广播: admin: 人机滚😡
[2026-06-28 12:40:35.458] [INFO] 用户 TEST 被管理员踢出。
[2026-06-28 12:40:35.459] [ERROR] ClientHandler error: Socket closed
[2026-06-28 12:40:35.462] [INFO] 广播: TEST 被管理员踢出。
[2026-06-28 12:40:35.463] [INFO] User TEST disconnected.
[2026-06-28 12:40:35.465] [INFO] 广播: TEST 离开了聊天室。
[2026-06-28 12:40:35.465] [INFO] 广播: User TEST has been kicked by admin.
[2026-06-28 12:40:57.171] [INFO] /127.0.0.1:57023 connect.
[2026-06-28 12:41:03.875] [INFO] User TEST logged in.
[2026-06-28 12:41:03.879] [INFO] 广播: TEST 加入了聊天室。
[2026-06-28 12:41:12.351] [INFO] 广播: TEST: 诶，我回来了
[2026-06-28 12:41:16.566] [INFO] 广播: TEST: 气不气
[2026-06-28 12:41:30.617] [INFO] 广播: admin: 滚
[2026-06-28 12:41:37.546] [INFO] 用户 TEST 被封禁。
[2026-06-28 12:41:37.546] [ERROR] ClientHandler error: Socket closed
[2026-06-28 12:41:37.548] [INFO] User TEST disconnected.
[2026-06-28 12:41:37.548] [INFO] 广播: TEST 已被管理员封禁。
[2026-06-28 12:41:37.552] [INFO] 广播: TEST 离开了聊天室。
[2026-06-28 12:41:37.553] [INFO] 广播: User TEST has been banned by admin.
[2026-06-28 12:41:49.082] [INFO] /127.0.0.1:57117 connect.
[2026-06-28 12:42:41.826] [INFO] 用户 TEST 已解封。
[2026-06-28 12:42:51.548] [INFO] /127.0.0.1:57194 connect.
[2026-06-28 12:42:57.819] [INFO] User TEST logged in.
[2026-06-28 12:42:57.823] [INFO] 广播: TEST 加入了聊天室。
[2026-06-28 12:43:01.425] [INFO] 广播: TEST: 我错了
[2026-06-28 12:43:47.945] [INFO] 用户 TEST 被封禁。
[2026-06-28 12:43:47.945] [ERROR] ClientHandler error: Socket closed
[2026-06-28 12:43:47.948] [INFO] User TEST disconnected.
[2026-06-28 12:43:47.948] [INFO] 广播: TEST 已被管理员封禁。
[2026-06-28 12:43:47.951] [INFO] 广播: TEST 离开了聊天室。
[2026-06-28 12:43:47.951] [INFO] 广播: User TEST has been banned by admin.
[2026-06-28 12:44:10.570] [INFO] SZM 断开连接
[2026-06-28 12:44:10.573] [INFO] User SZM disconnected.
[2026-06-28 12:44:10.576] [INFO] 广播: SZM 离开了聊天室。
[2026-06-28 12:48:28.076] [INFO] ExtensionManager initialization started...
[2026-06-28 12:48:28.161] [INFO] File HTTP Server started on port 8080
[2026-06-28 12:48:28.162] [INFO] FileHttpServer started on port 8080
[2026-06-28 12:48:28.163] [INFO] UDPBroadcastServer started on port 9999
[2026-06-28 12:48:28.163] [INFO] AdminCommandHandler initialized
[2026-06-28 12:48:28.165] [INFO] ExtensionManager initialization completed.
[2026-06-28 12:48:28.166] [INFO] Chat Server started on port 9000
[2026-06-28 12:48:28.166] [INFO] UDP Broadcast Server started on port 9999
[2026-06-28 12:48:48.291] [INFO] /127.0.0.1:50460 connect.
[2026-06-28 12:48:56.479] [INFO] User CJG logged in.
[2026-06-28 12:48:56.483] [INFO] 广播: CJG 加入了聊天室。
[2026-06-28 12:49:00.599] [INFO] /127.0.0.1:50484 connect.
[2026-06-28 12:49:08.532] [INFO] User TEST logged in.
[2026-06-28 12:49:08.535] [INFO] 广播: TEST 加入了聊天室。
[2026-06-28 12:49:52.548] [INFO] CJG 断开连接
[2026-06-28 12:49:52.551] [INFO] User CJG disconnected.
[2026-06-28 12:49:52.555] [INFO] 广播: CJG 离开了聊天室。
[2026-06-28 12:49:55.012] [INFO] TEST 断开连接
[2026-06-28 12:49:55.014] [INFO] User TEST disconnected.
[2026-06-28 12:49:55.015] [INFO] 广播: TEST 离开了聊天室。
[2026-06-28 13:49:53.249] [INFO] ExtensionManager initialization started...
[2026-06-28 13:49:53.352] [INFO] File HTTP Server started on port 8080
[2026-06-28 13:49:53.353] [INFO] FileHttpServer started on port 8080
[2026-06-28 13:49:53.353] [INFO] UDPBroadcastServer started on port 9999
[2026-06-28 13:49:53.355] [INFO] AdminCommandHandler initialized
[2026-06-28 13:49:53.355] [INFO] ExtensionManager initialization completed.
[2026-06-28 13:49:53.356] [INFO] Chat Server started on port 9000
[2026-06-28 13:49:53.359] [INFO] UDP Broadcast Server started on port 9999
[2026-06-28 13:50:03.922] [INFO] /127.0.0.1:54264 connect.
[2026-06-28 13:50:10.178] [INFO] User admin logged in.
[2026-06-28 13:50:10.179] [INFO] 广播: admin 加入了聊天室。
[2026-06-28 13:50:24.468] [INFO] /127.0.0.1:49672 connect.
[2026-06-28 13:50:34.961] [INFO] User SZM logged in.
[2026-06-28 13:50:34.962] [INFO] 广播: SZM 加入了聊天室。
[2026-06-28 13:50:48.763] [INFO] 私聊: admin -> SZM: 你好 我是管理员
[2026-06-28 13:52:47.625] [INFO] SZM 断开连接
[2026-06-28 13:52:47.626] [INFO] User SZM disconnected.
[2026-06-28 13:52:47.626] [INFO] 广播: SZM 离开了聊天室。
[2026-06-28 13:52:48.368] [INFO] admin 断开连接
[2026-06-28 13:52:48.370] [INFO] User admin disconnected.
[2026-06-28 13:52:48.370] [INFO] 广播: admin 离开了聊天室。
