[2026-06-27 15:24:20.327] [INFO] ExtensionManager initialization started...
[2026-06-27 15:24:20.331] [ERROR] ChatServer instance is null. Please ensure ChatServer is initialized before calling ExtensionManager.init()
[2026-06-27 15:30:30.768] [INFO] ExtensionManager initialization started...
[2026-06-27 15:30:30.864] [INFO] File HTTP Server started on port 8080
[2026-06-27 15:30:30.865] [INFO] FileHttpServer started on port 8080
[2026-06-27 15:30:30.866] [INFO] UDPBroadcastServer started on port 9999
[2026-06-27 15:30:30.867] [INFO] AdminCommandHandler initialized
[2026-06-27 15:30:30.868] [INFO] ExtensionManager initialization completed.
[2026-06-27 15:30:30.871] [INFO] UDP Broadcast Server started on port 9999
[2026-06-27 15:35:44.325] [INFO] ExtensionManager initialization started...
[2026-06-27 15:35:44.415] [INFO] File HTTP Server started on port 8080
[2026-06-27 15:35:44.416] [INFO] FileHttpServer started on port 8080
[2026-06-27 15:35:44.418] [INFO] UDPBroadcastServer started on port 9999
[2026-06-27 15:35:44.419] [INFO] AdminCommandHandler initialized
[2026-06-27 15:35:44.419] [INFO] ExtensionManager initialization completed.
[2026-06-27 15:35:44.420] [INFO] UDP Broadcast Server started on port 9999
[2026-06-27 15:36:33.974] [INFO] ExtensionManager initialization started...
[2026-06-27 15:36:34.072] [INFO] File HTTP Server started on port 8080
[2026-06-27 15:36:34.073] [INFO] FileHttpServer started on port 8080
[2026-06-27 15:36:34.074] [INFO] UDPBroadcastServer started on port 9999
[2026-06-27 15:36:34.075] [INFO] AdminCommandHandler initialized
[2026-06-27 15:36:34.075] [INFO] ExtensionManager initialization completed.
[2026-06-27 15:36:34.076] [INFO] UDP Broadcast Server started on port 9999
[2026-06-27 15:52:26.180] [INFO] ExtensionManager initialization started...
[2026-06-27 15:52:26.228] [INFO] File HTTP Server started on port 8080
[2026-06-27 15:52:26.229] [INFO] FileHttpServer started on port 8080
[2026-06-27 15:52:26.229] [INFO] UDPBroadcastServer started on port 9999
[2026-06-27 15:52:26.230] [INFO] AdminCommandHandler initialized
[2026-06-27 15:52:26.231] [INFO] ExtensionManager initialization completed.
[2026-06-27 15:52:26.232] [INFO] UDP Broadcast Server started on port 9999
[2026-06-27 16:07:02.378] [INFO] ExtensionManager initialization started...
[2026-06-27 16:07:02.466] [INFO] File HTTP Server started on port 8080
[2026-06-27 16:07:02.467] [INFO] FileHttpServer started on port 8080
[2026-06-27 16:07:02.468] [INFO] UDPBroadcastServer started on port 9999
[2026-06-27 16:07:02.469] [INFO] AdminCommandHandler initialized
[2026-06-27 16:07:02.469] [INFO] ExtensionManager initialization completed.
[2026-06-27 16:07:02.472] [INFO] UDP Broadcast Server started on port 9999
[2026-06-27 16:07:09.151] [INFO] User admin logged in.
[2026-06-27 16:07:09.156] [INFO] 广播: admin 加入了聊天室。
[2026-06-27 16:09:27.968] [INFO] ExtensionManager initialization started...
[2026-06-27 16:09:28.055] [INFO] File HTTP Server started on port 8080
[2026-06-27 16:09:28.056] [INFO] FileHttpServer started on port 8080
[2026-06-27 16:09:28.058] [INFO] UDPBroadcastServer started on port 9999
[2026-06-27 16:09:28.059] [INFO] AdminCommandHandler initialized
[2026-06-27 16:09:28.059] [INFO] ExtensionManager initialization completed.
[2026-06-27 16:09:28.061] [INFO] UDP Broadcast Server started on port 9999
[2026-06-27 16:09:35.079] [INFO] User admin logged in.
[2026-06-27 16:09:35.084] [INFO] 广播: admin 加入了聊天室。
[2026-06-27 16:09:41.900] [INFO] 广播: admin: 你好我是A
[2026-06-27 16:10:55.557] [INFO] admin 断开连接
[2026-06-27 16:10:55.561] [INFO] User admin disconnected.
[2026-06-27 16:10:55.564] [INFO] 广播: admin 离开了聊天室。
[2026-06-27 16:11:32.198] [INFO] 未知用户 断开连接
[2026-06-27 16:16:59.118] [INFO] ExtensionManager initialization started...
[2026-06-27 16:16:59.206] [INFO] File HTTP Server started on port 8080
[2026-06-27 16:16:59.207] [INFO] FileHttpServer started on port 8080
[2026-06-27 16:16:59.208] [INFO] UDPBroadcastServer started on port 9999
[2026-06-27 16:16:59.209] [INFO] AdminCommandHandler initialized
[2026-06-27 16:16:59.209] [INFO] ExtensionManager initialization completed.
[2026-06-27 16:16:59.210] [INFO] UDP Broadcast Server started on port 9999
[2026-06-27 16:17:21.411] [INFO] User CJG logged in.
[2026-06-27 16:17:21.415] [INFO] 广播: CJG 加入了聊天室。
[2026-06-27 16:17:26.436] [INFO] 广播: CJG: LOGIN
[2026-06-27 16:17:26.439] [INFO] 广播: CJG: CJG
[2026-06-27 16:17:26.442] [INFO] 广播: CJG: cjg666
[2026-06-27 16:17:37.364] [INFO] 广播: CJG: 大家好我是cjg！
[2026-06-27 16:21:23.117] [INFO] CJG 断开连接
[2026-06-27 16:21:23.120] [INFO] User CJG disconnected.
[2026-06-27 16:21:23.122] [INFO] 广播: CJG 离开了聊天室。
[2026-06-27 16:21:34.012] [INFO] ExtensionManager initialization started...
[2026-06-27 16:21:34.101] [INFO] File HTTP Server started on port 8080
[2026-06-27 16:21:34.101] [INFO] FileHttpServer started on port 8080
[2026-06-27 16:21:34.103] [INFO] UDPBroadcastServer started on port 9999
[2026-06-27 16:21:34.103] [INFO] AdminCommandHandler initialized
[2026-06-27 16:21:34.104] [INFO] ExtensionManager initialization completed.
[2026-06-27 16:21:34.105] [INFO] UDP Broadcast Server started on port 9999
[2026-06-27 16:21:41.527] [INFO] ExtensionManager initialization started...
[2026-06-27 16:21:41.611] [INFO] File HTTP Server started on port 8080
[2026-06-27 16:21:41.612] [INFO] FileHttpServer started on port 8080
[2026-06-27 16:21:41.613] [INFO] UDPBroadcastServer started on port 9999
[2026-06-27 16:21:41.614] [INFO] AdminCommandHandler initialized
[2026-06-27 16:21:41.614] [INFO] ExtensionManager initialization completed.
[2026-06-27 16:21:41.616] [INFO] UDP Broadcast Server started on port 9999
[2026-06-27 16:25:58.682] [INFO] ExtensionManager initialization started...
[2026-06-27 16:25:58.766] [INFO] File HTTP Server started on port 8080
[2026-06-27 16:25:58.766] [INFO] FileHttpServer started on port 8080
[2026-06-27 16:25:58.767] [INFO] UDPBroadcastServer started on port 9999
[2026-06-27 16:25:58.768] [INFO] AdminCommandHandler initialized
[2026-06-27 16:25:58.769] [INFO] ExtensionManager initialization completed.
[2026-06-27 16:25:58.770] [INFO] UDP Broadcast Server started on port 9999
[2026-06-27 16:26:33.552] [INFO] ExtensionManager initialization started...
[2026-06-27 16:26:33.646] [INFO] File HTTP Server started on port 8080
[2026-06-27 16:26:33.646] [INFO] FileHttpServer started on port 8080
[2026-06-27 16:26:33.647] [INFO] UDPBroadcastServer started on port 9999
[2026-06-27 16:26:33.648] [INFO] AdminCommandHandler initialized
[2026-06-27 16:26:33.648] [INFO] ExtensionManager initialization completed.
[2026-06-27 16:26:33.651] [INFO] UDP Broadcast Server started on port 9999
[2026-06-27 16:26:42.030] [INFO] User admin logged in.
[2026-06-27 16:26:42.034] [INFO] 广播: admin 加入了聊天室。
[2026-06-27 16:26:46.021] [INFO] admin 断开连接
[2026-06-27 16:26:46.024] [INFO] User admin disconnected.
[2026-06-27 16:26:46.027] [INFO] 广播: admin 离开了聊天室。
[2026-06-27 16:26:57.910] [INFO] User CJG logged in.
[2026-06-27 16:26:57.913] [INFO] 广播: CJG 加入了聊天室。
[2026-06-27 16:26:59.862] [INFO] CJG 断开连接
[2026-06-27 16:26:59.865] [INFO] User CJG disconnected.
[2026-06-27 16:26:59.867] [INFO] 广播: CJG 离开了聊天室。
[2026-06-27 16:27:09.409] [INFO] User TEST logged in.
[2026-06-27 16:27:09.413] [INFO] 广播: TEST 加入了聊天室。
[2026-06-27 16:27:20.772] [INFO] 广播: TEST: 大家好我是TEST！
[2026-06-27 16:29:10.140] [INFO] User CJG logged in.
[2026-06-27 16:29:10.143] [INFO] 广播: CJG 加入了聊天室。
[2026-06-27 16:29:23.227] [INFO] 广播: CJG: 大家好，我是CJG!!!
[2026-06-27 16:29:33.877] [INFO] User admin logged in.
[2026-06-27 16:29:33.881] [INFO] 广播: admin 加入了聊天室。
[2026-06-27 16:29:42.233] [INFO] 广播: admin: 我是admin!你们好！！
[2026-06-27 16:31:25.045] [INFO] TEST 断开连接
[2026-06-27 16:31:25.048] [INFO] User TEST disconnected.
[2026-06-27 16:31:25.050] [INFO] 广播: TEST 离开了聊天室。
[2026-06-27 16:31:26.497] [INFO] admin 断开连接
[2026-06-27 16:31:26.499] [INFO] User admin disconnected.
[2026-06-27 16:31:26.501] [INFO] 广播: admin 离开了聊天室。
[2026-06-27 16:31:27.436] [INFO] CJG 断开连接
[2026-06-27 16:31:27.439] [INFO] User CJG disconnected.
[2026-06-27 16:31:27.440] [INFO] 广播: CJG 离开了聊天室。
